d:\buyusources\servercore\sourcecode\minigameserver\release\minigameserver.pch
d:\buyusources\servercore\sourcecode\minigameserver\release\vc120.pdb
d:\buyusources\servercore\sourcecode\minigameserver\release\stdafx.obj
d:\buyusources\servercore\sourcecode\minigameserver\release\servercontrolitemsink.obj
d:\buyusources\servercore\sourcecode\minigameserver\release\rolemanager.obj
d:\buyusources\servercore\sourcecode\minigameserver\release\oxrobot.obj
d:\buyusources\servercore\sourcecode\minigameserver\release\niuniumanager.obj
d:\buyusources\servercore\sourcecode\minigameserver\release\carrobot.obj
d:\buyusources\servercore\sourcecode\minigameserver\release\animalrobot.obj
d:\buyusources\servercore\sourcecode\minigameserver\release\minigameserver.obj
d:\buyusources\servercore\sourcecode\minigameserver\release\fishserver.obj
d:\buyusources\servercore\sourcecode\minigameserver\release\dialmanager.obj
d:\buyusources\servercore\sourcecode\minigameserver\release\carmanager.obj
d:\buyusources\servercore\sourcecode\minigameserver\release\xmlreader.obj
d:\buyusources\servercore\sourcecode\minigameserver\release\tinyxml2.obj
d:\buyusources\servercore\sourcecode\minigameserver\release\robotmanager.obj
d:\buyusources\servercore\sourcecode\minigameserver\release\fishserverconfig.obj
d:\buyusources\servercore\sourcecode\minigameserver\release\fishconfig.obj
d:\buyusources\servercore\sourcecode\minigameserver\release\dblogmanager.obj
d:\buyusources\servercore\release\minigameserver.exe
d:\buyusources\servercore\release\minigameserver.pdb
d:\buyusources\servercore\sourcecode\minigameserver\release\minigameserver.tlog\cl.command.1.tlog
d:\buyusources\servercore\sourcecode\minigameserver\release\minigameserver.tlog\cl.read.1.tlog
d:\buyusources\servercore\sourcecode\minigameserver\release\minigameserver.tlog\cl.write.1.tlog
d:\buyusources\servercore\sourcecode\minigameserver\release\minigameserver.tlog\link.command.1.tlog
d:\buyusources\servercore\sourcecode\minigameserver\release\minigameserver.tlog\link.read.1.tlog
d:\buyusources\servercore\sourcecode\minigameserver\release\minigameserver.tlog\link.write.1.tlog
